Performing C SOURCE FILE Test CMAKE_HAVE_LIBC_PTHREAD failed with the following output:
Change Dir: /home/pi/learnslam/ch6/ceres_curve_fitting/build/CMakeFiles/CMakeTmp

Run Build Command(s):/usr/bin/make cmTC_eb66c/fast && /usr/bin/make  -f CMakeFiles/cmTC_eb66c.dir/build.make CMakeFiles/cmTC_eb66c.dir/build
make[1]: Entering directory '/home/pi/learnslam/ch6/ceres_curve_fitting/build/CMakeFiles/CMakeTmp'
Building C object CMakeFiles/cmTC_eb66c.dir/src.c.o
/usr/bin/cc   -DCMAKE_HAVE_LIBC_PTHREAD -o CMakeFiles/cmTC_eb66c.dir/src.c.o -c /home/pi/learnslam/ch6/ceres_curve_fitting/build/CMakeFiles/CMakeTmp/src.c
Linking C executable cmTC_eb66c
/usr/local/bin/cmake -E cmake_link_script CMakeFiles/cmTC_eb66c.dir/link.txt --verbose=1
/usr/bin/cc  -DCMAKE_HAVE_LIBC_PTHREAD -rdynamic CMakeFiles/cmTC_eb66c.dir/src.c.o -o cmTC_eb66c 
CMakeFiles/cmTC_eb66c.dir/src.c.o: In function `main':
src.c:(.text+0x3c): undefined reference to `pthread_create'
src.c:(.text+0x48): undefined reference to `pthread_detach'
src.c:(.text+0x54): undefined reference to `pthread_cancel'
src.c:(.text+0x65): undefined reference to `pthread_join'
src.c:(.text+0x79): undefined reference to `pthread_atfork'
collect2: error: ld returned 1 exit status
CMakeFiles/cmTC_eb66c.dir/build.make:105: recipe for target 'cmTC_eb66c' failed
make[1]: *** [cmTC_eb66c] Error 1
make[1]: Leaving directory '/home/pi/learnslam/ch6/ceres_curve_fitting/build/CMakeFiles/CMakeTmp'
Makefile:140: recipe for target 'cmTC_eb66c/fast' failed
make: *** [cmTC_eb66c/fast] Error 2


Source file was:
#include <pthread.h>

void* test_func(void* data)
{
  return data;
}

int main(void)
{
  pthread_t thread;
  pthread_create(&thread, NULL, test_func, NULL);
  pthread_detach(thread);
  pthread_cancel(thread);
  pthread_join(thread, NULL);
  pthread_atfork(NULL, NULL, NULL);
  pthread_exit(NULL);

  return 0;
}

Determining if the function pthread_create exists in the pthreads failed with the following output:
Change Dir: /home/pi/learnslam/ch6/ceres_curve_fitting/build/CMakeFiles/CMakeTmp

Run Build Command(s):/usr/bin/make cmTC_b5033/fast && /usr/bin/make  -f CMakeFiles/cmTC_b5033.dir/build.make CMakeFiles/cmTC_b5033.dir/build
make[1]: Entering directory '/home/pi/learnslam/ch6/ceres_curve_fitting/build/CMakeFiles/CMakeTmp'
Building C object CMakeFiles/cmTC_b5033.dir/CheckFunctionExists.c.o
/usr/bin/cc   -DCHECK_FUNCTION_EXISTS=pthread_create -o CMakeFiles/cmTC_b5033.dir/CheckFunctionExists.c.o -c /usr/local/share/cmake-3.18/Modules/CheckFunctionExists.c
Linking C executable cmTC_b5033
/usr/local/bin/cmake -E cmake_link_script CMakeFiles/cmTC_b5033.dir/link.txt --verbose=1
/usr/bin/cc  -DCHECK_FUNCTION_EXISTS=pthread_create -rdynamic CMakeFiles/cmTC_b5033.dir/CheckFunctionExists.c.o -o cmTC_b5033  -lpthreads 
/usr/bin/ld: cannot find -lpthreads
collect2: error: ld returned 1 exit status
CMakeFiles/cmTC_b5033.dir/build.make:105: recipe for target 'cmTC_b5033' failed
make[1]: *** [cmTC_b5033] Error 1
make[1]: Leaving directory '/home/pi/learnslam/ch6/ceres_curve_fitting/build/CMakeFiles/CMakeTmp'
Makefile:140: recipe for target 'cmTC_b5033/fast' failed
make: *** [cmTC_b5033/fast] Error 2



Performing C++ SOURCE FILE Test GFLAGS_IN_GOOGLE_NAMESPACE failed with the following output:
Change Dir: /home/pi/learnslam/ch6/ceres_curve_fitting/build/CMakeFiles/CMakeTmp

Run Build Command(s):/usr/bin/make cmTC_2a093/fast && /usr/bin/make  -f CMakeFiles/cmTC_2a093.dir/build.make CMakeFiles/cmTC_2a093.dir/build
make[1]: Entering directory '/home/pi/learnslam/ch6/ceres_curve_fitting/build/CMakeFiles/CMakeTmp'
Building CXX object CMakeFiles/cmTC_2a093.dir/src.cxx.o
/usr/bin/c++   -std=c++11 -03 -DGFLAGS_IN_GOOGLE_NAMESPACE -o CMakeFiles/cmTC_2a093.dir/src.cxx.o -c /home/pi/learnslam/ch6/ceres_curve_fitting/build/CMakeFiles/CMakeTmp/src.cxx
c++: error: unrecognized command line option ‘-03’
CMakeFiles/cmTC_2a093.dir/build.make:84: recipe for target 'CMakeFiles/cmTC_2a093.dir/src.cxx.o' failed
make[1]: *** [CMakeFiles/cmTC_2a093.dir/src.cxx.o] Error 1
make[1]: Leaving directory '/home/pi/learnslam/ch6/ceres_curve_fitting/build/CMakeFiles/CMakeTmp'
Makefile:140: recipe for target 'cmTC_2a093/fast' failed
make: *** [cmTC_2a093/fast] Error 2


Source file was:
#include <gflags/gflags.h>
     int main(int argc, char * argv[]) {
       google::ParseCommandLineFlags(&argc, &argv, true);
       return 0;
     }
Performing C++ SOURCE FILE Test GFLAGS_IN_GFLAGS_NAMESPACE failed with the following output:
Change Dir: /home/pi/learnslam/ch6/ceres_curve_fitting/build/CMakeFiles/CMakeTmp

Run Build Command(s):/usr/bin/make cmTC_d9b66/fast && /usr/bin/make  -f CMakeFiles/cmTC_d9b66.dir/build.make CMakeFiles/cmTC_d9b66.dir/build
make[1]: Entering directory '/home/pi/learnslam/ch6/ceres_curve_fitting/build/CMakeFiles/CMakeTmp'
Building CXX object CMakeFiles/cmTC_d9b66.dir/src.cxx.o
/usr/bin/c++   -std=c++11 -03 -DGFLAGS_IN_GFLAGS_NAMESPACE -o CMakeFiles/cmTC_d9b66.dir/src.cxx.o -c /home/pi/learnslam/ch6/ceres_curve_fitting/build/CMakeFiles/CMakeTmp/src.cxx
c++: error: unrecognized command line option ‘-03’
CMakeFiles/cmTC_d9b66.dir/build.make:84: recipe for target 'CMakeFiles/cmTC_d9b66.dir/src.cxx.o' failed
make[1]: *** [CMakeFiles/cmTC_d9b66.dir/src.cxx.o] Error 1
make[1]: Leaving directory '/home/pi/learnslam/ch6/ceres_curve_fitting/build/CMakeFiles/CMakeTmp'
Makefile:140: recipe for target 'cmTC_d9b66/fast' failed
make: *** [cmTC_d9b66/fast] Error 2


Source file was:
#include <gflags/gflags.h>
     int main(int argc, char * argv[]) {
        gflags::ParseCommandLineFlags(&argc, &argv, true);
        return 0;
     }
